IQ-TREE multicore version 2.2.0 COVID-edition for Mac OS X 64-bit built Mar 25 2022
Developed by Bui Quang Minh, James Barbetti, Nguyen Lam Tung,
Olga Chernomor, Heiko Schmidt, Dominik Schrempf, Michael Woodhams, Ly Trong Nhan.

Host:    MacBook-Pro.local (AVX2, FMA3, 16 GB RAM)
Command: bin/iqtree2 -s example.phy
Seed:    118658 (Using SPRNG - Scalable Parallel Random Number Generator)
Time:    Thu Mar 31 19:21:14 2022
Kernel:  AVX+FMA - 1 threads (4 CPU cores detected)

HINT: Use -nt option to specify number of threads because your CPU has 4 cores!
HINT: -nt AUTO will automatically determine the best number of threads to use.

Reading alignment file example.phy ... Phylip format detected
Alignment most likely contains DNA/RNA sequences
Constructing alignment: done in 0.00323415 secs using 62.86% CPU
Alignment has 17 sequences with 1998 columns, 1152 distinct patterns
1009 parsimony-informative, 303 singleton sites, 686 constant sites
           Gap/Ambiguity  Composition  p-value
Analyzing sequences: done in 0.000155926 secs using 73.11% CPU
   1  LngfishAu    0.15%    passed      6.20%
   2  LngfishSA    0.00%    failed      0.62%
   3  LngfishAf    0.05%    failed      1.60%
   4  Frog         0.05%    passed     58.01%
   5  Turtle       0.15%    passed     44.25%
   6  Sphenodon    0.10%    passed     59.78%
   7  Lizard       0.90%    passed     38.67%
   8  Crocodile    0.35%    failed      2.51%
   9  Bird         0.00%    failed      0.00%
  10  Human        0.00%    failed      0.85%
  11  Seal         0.00%    passed     68.93%
  12  Cow          0.00%    passed     59.11%
  13  Whale        0.00%    passed     97.83%
  14  Mouse        0.05%    failed      1.43%
  15  Rat          0.00%    passed     39.69%
  16  Platypus     0.00%    failed      3.46%
  17  Opossum      0.00%    failed      0.01%
****  TOTAL        0.11%  8 sequences failed composition chi2 test (p-value<5%; df=3)
Checking for duplicate sequences: done in 0.000147104 secs using 76.82% CPU


Create initial parsimony tree by phylogenetic likelihood library (PLL)... 0.004 seconds
Perform fast likelihood tree search using GTR+I+G model...
Estimate model parameters (epsilon = 5.000)
Perform nearest neighbor interchange...
Optimizing NNI: done in 0.032434 secs using 98.65% CPU
Estimate model parameters (epsilon = 1.000)
1. Initial log-likelihood: -21149.163
Optimal log-likelihood: -21149.022
Rate parameters:  A-C: 3.81260  A-G: 5.28599  A-T: 3.90758  C-G: 0.42243  C-T: 15.53651  G-T: 1.00000
Base frequencies:  A: 0.355  C: 0.228  G: 0.192  T: 0.225
Proportion of invariable sites: 0.157
Gamma shape alpha: 0.739
Parameters optimization took 1 rounds (0.070 sec)
Time for fast ML tree search: 0.459 seconds

NOTE: ModelFinder requires 6 MB RAM!
ModelFinder will test up to 484 DNA models (sample size: 1998) ...
 No. Model         -LnL         df  AIC          AICc         BIC
  1  GTR+F         22701.477    39  45480.955    45482.548    45699.351
  2  GTR+F+I       21615.548    40  43311.095    43312.771    43535.091
  3  GTR+F+G4      21155.969    40  42391.938    42393.614    42615.934
  4  GTR+F+I+G4    21148.848    41  42379.697    42381.458    42609.293
  5  GTR+F+R2      21235.663    41  42553.325    42555.086    42782.921
  6  GTR+F+R3      21147.207    43  42380.415    42382.351    42621.211
  7  GTR+F+R4      21145.838    45  42381.677    42383.798    42633.672
 14  GTR+F+I+I+R2  21174.481    42  42432.962    42434.810    42668.158
 15  GTR+F+I+I+R3  21146.803    44  42381.607    42383.634    42628.002
 16  GTR+F+I+I+R4  21146.279    46  42384.558    42386.775    42642.154
 25  SYM+G4        21317.781    37  42709.562    42710.997    42916.759
 26  SYM+I+G4      21306.171    38  42688.342    42689.855    42901.138
 47  TVM+F+G4      21300.237    39  42678.474    42680.067    42896.870
 48  TVM+F+I+G4    21288.271    40  42656.543    42658.219    42880.539
 69  TVMe+G4       21422.187    36  42916.374    42917.733    43117.971
 70  TVMe+I+G4     21407.602    37  42889.204    42890.638    43096.400
 91  TIM3+F+G4     21367.926    38  42811.853    42813.366    43024.649
 92  TIM3+F+I+G4   21359.481    39  42796.962    42798.556    43015.359
113  TIM3e+G4      21717.462    35  43504.924    43506.208    43700.920
114  TIM3e+I+G4    21708.559    36  43489.119    43490.477    43690.715
135  TIM2+F+G4     21159.705    38  42395.410    42396.923    42608.206
136  TIM2+F+I+G4   21152.488    39  42382.976    42384.570    42601.372
157  TIM2e+G4      21320.880    35  42711.761    42713.045    42907.757
158  TIM2e+I+G4    21309.128    36  42690.256    42691.614    42891.852
179  TIM+F+G4      21368.782    38  42813.564    42815.077    43026.360
180  TIM+F+I+G4    21360.237    39  42798.474    42800.067    43016.870
201  TIMe+G4       21718.131    35  43506.263    43507.547    43702.259
202  TIMe+I+G4     21709.220    36  43490.441    43491.799    43692.037
223  TPM3u+F+G4    21488.893    37  43051.786    43053.220    43258.982
224  TPM3u+F+I+G4  21474.935    38  43025.870    43027.383    43238.666
245  TPM3+G4       21847.239    34  43762.478    43763.690    43952.875
246  TPM3+I+G4     21833.461    35  43736.922    43738.206    43932.919
267  TPM2u+F+G4    21303.797    37  42681.595    42683.030    42888.791
268  TPM2u+F+I+G4  21291.867    38  42659.735    42661.248    42872.531
289  TPM2+G4       21424.733    34  42917.467    42918.679    43107.864
290  TPM2+I+G4     21410.281    35  42890.562    42891.846    43086.559
311  K3Pu+F+G4     21489.348    37  43052.696    43054.131    43259.892
312  K3Pu+F+I+G4   21475.430    38  43026.861    43028.374    43239.657
333  K3P+G4        21847.490    34  43762.981    43764.193    43953.378
334  K3P+I+G4      21833.795    35  43737.591    43738.875    43933.587
355  TN+F+G4       21369.048    37  42812.096    42813.531    43019.293
356  TN+F+I+G4     21360.518    38  42797.036    42798.549    43009.832
377  TNe+G4        21718.202    34  43504.403    43505.616    43694.800
378  TNe+I+G4      21709.280    35  43488.561    43489.845    43684.557
399  HKY+F+G4      21489.737    36  43051.475    43052.833    43253.071
400  HKY+F+I+G4    21475.768    37  43025.535    43026.970    43232.732
421  K2P+G4        21847.675    33  43761.349    43762.492    43946.146
422  K2P+I+G4      21833.949    34  43735.897    43737.110    43926.294
443  F81+F+G4      22031.578    35  44133.155    44134.440    44329.152
444  F81+F+I+G4    22019.576    36  44111.152    44112.510    44312.748
465  JC+G4         22258.086    32  44580.172    44581.246    44759.368
466  JC+I+G4       22245.553    33  44557.106    44558.249    44741.903
Akaike Information Criterion:           GTR+F+I+G4
Corrected Akaike Information Criterion: GTR+F+I+G4
Bayesian Information Criterion:         TIM2+F+I+G4
Best-fit model: TIM2+F+I+G4 chosen according to BIC

All model information printed to example.phy.model.gz
CPU time for ModelFinder: 8.118 seconds (0h:0m:8s)
Wall-clock time for ModelFinder: 9.342 seconds (0h:0m:9s)

NOTE: 2 MB RAM (0 GB) is required!
Estimate model parameters (epsilon = 0.100)
Thoroughly optimizing +I+G parameters from 10 start values...
Init pinv, alpha: 0.000, 0.738 / Estimate: 0.000, 0.483 / LogL: -21159.748
Init pinv, alpha: 0.038, 0.738 / Estimate: 0.043, 0.532 / LogL: -21156.976
Init pinv, alpha: 0.076, 0.738 / Estimate: 0.085, 0.592 / LogL: -21154.640
Init pinv, alpha: 0.114, 0.738 / Estimate: 0.120, 0.654 / LogL: -21153.214
Init pinv, alpha: 0.153, 0.738 / Estimate: 0.153, 0.726 / LogL: -21152.514
Init pinv, alpha: 0.191, 0.738 / Estimate: 0.183, 0.803 / LogL: -21152.778
Init pinv, alpha: 0.229, 0.738 / Estimate: 0.187, 0.817 / LogL: -21152.912
Init pinv, alpha: 0.267, 0.738 / Estimate: 0.186, 0.813 / LogL: -21152.863
Init pinv, alpha: 0.305, 0.738 / Estimate: 0.186, 0.813 / LogL: -21152.876
Init pinv, alpha: 0.343, 0.738 / Estimate: 0.187, 0.816 / LogL: -21152.903
Optimal pinv,alpha: 0.153, 0.726 / LogL: -21152.514

Parameters optimization took 1.597 sec
Wrote distance file to... 
Computing ML distances based on estimated model parameters...
Calculating distance matrix: done in 0.00103307 secs using 97.67% CPU
Computing ML distances took 0.001167 sec (of wall-clock time) 0.001129 sec (of CPU time)
Setting up auxiliary I and S matrices: done in 3.00407e-05 secs using 86.55% CPU
Constructing RapidNJ tree: done in 4.98295e-05 secs using 160.5% CPU
Computing RapidNJ tree took 0.000132 sec (of wall-clock time) 0.000145 sec (of CPU time)
Log-likelihood of RapidNJ tree: -21161.699
--------------------------------------------------------------------
|             INITIALIZING CANDIDATE TREE SET                      |
--------------------------------------------------------------------
Generating 98 parsimony trees... 0.259 second
Computing log-likelihood of 98 initial trees ... 0.466 seconds
Current best score: -21152.514

Do NNI search on 20 best initial trees
Optimizing NNI: done in 0.0190432 secs using 94.79% CPU
Estimate model parameters (epsilon = 0.100)
BETTER TREE FOUND at iteration 1: -21152.510
Optimizing NNI: done in 0.021069 secs using 95.66% CPU
Optimizing NNI: done in 0.041765 secs using 90.93% CPU
Optimizing NNI: done in 0.0428998 secs using 96.32% CPU
Optimizing NNI: done in 0.080374 secs using 90.83% CPU
Optimizing NNI: done in 0.0321369 secs using 99.4% CPU
Optimizing NNI: done in 0.0620899 secs using 93.18% CPU
Optimizing NNI: done in 0.0897439 secs using 92.7% CPU
Optimizing NNI: done in 0.057312 secs using 95.9% CPU
Optimizing NNI: done in 0.0403922 secs using 98.39% CPU
Iteration 10 / LogL: -21152.547 / Time: 0h:0m:2s
Optimizing NNI: done in 0.050806 secs using 97.13% CPU
Optimizing NNI: done in 0.094825 secs using 90.2% CPU
Optimizing NNI: done in 0.0263128 secs using 97.99% CPU
Optimizing NNI: done in 0.053787 secs using 92.96% CPU
Optimizing NNI: done in 0.0499032 secs using 92.27% CPU
Optimizing NNI: done in 0.085978 secs using 95.08% CPU
Optimizing NNI: done in 0.076036 secs using 94.26% CPU
Optimizing NNI: done in 0.0827811 secs using 86.84% CPU
Optimizing NNI: done in 0.086726 secs using 88.67% CPU
Optimizing NNI: done in 0.132938 secs using 87.4% CPU
Iteration 20 / LogL: -21152.565 / Time: 0h:0m:3s
Finish initializing candidate tree set (2)
Current best tree score: -21152.510 / CPU time: 2.005
Number of iterations: 20
--------------------------------------------------------------------
|               OPTIMIZING CANDIDATE TREE SET                      |
--------------------------------------------------------------------
Optimizing NNI: done in 0.0923679 secs using 67.09% CPU
Optimizing NNI: done in 0.0479679 secs using 92.24% CPU
Optimizing NNI: done in 0.0868449 secs using 57.21% CPU
Optimizing NNI: done in 0.038198 secs using 98.19% CPU
Optimizing NNI: done in 0.0828269 secs using 95.39% CPU
Optimizing NNI: done in 0.0876119 secs using 96.27% CPU
Optimizing NNI: done in 0.0662909 secs using 76.1% CPU
Optimizing NNI: done in 0.0766721 secs using 87.91% CPU
Optimizing NNI: done in 0.121666 secs using 74.34% CPU
Optimizing NNI: done in 0.037699 secs using 98.88% CPU
Iteration 30 / LogL: -21152.644 / Time: 0h:0m:4s (0h:0m:10s left)
Optimizing NNI: done in 0.06884 secs using 97.63% CPU
Optimizing NNI: done in 0.051697 secs using 92.72% CPU
Optimizing NNI: done in 0.060554 secs using 96.47% CPU
Optimizing NNI: done in 0.073725 secs using 94.27% CPU
Optimizing NNI: done in 0.149346 secs using 71.49% CPU
Optimizing NNI: done in 0.100095 secs using 81.58% CPU
Optimizing NNI: done in 0.0898838 secs using 84.52% CPU
Optimizing NNI: done in 0.0884581 secs using 95.4% CPU
Optimizing NNI: done in 0.0592611 secs using 92.27% CPU
Optimizing NNI: done in 0.101727 secs using 87.03% CPU
Iteration 40 / LogL: -21152.781 / Time: 0h:0m:5s (0h:0m:8s left)
Optimizing NNI: done in 0.0438201 secs using 98.93% CPU
Optimizing NNI: done in 0.05094 secs using 97.62% CPU
Optimizing NNI: done in 0.0714691 secs using 93.16% CPU
Optimizing NNI: done in 0.0523729 secs using 96.69% CPU
Optimizing NNI: done in 0.0726821 secs using 96.79% CPU
Optimizing NNI: done in 0.0696011 secs using 92.61% CPU
Optimizing NNI: done in 0.122857 secs using 88.21% CPU
Optimizing NNI: done in 0.0571959 secs using 91.72% CPU
Optimizing NNI: done in 0.0665421 secs using 95.41% CPU
Optimizing NNI: done in 0.048728 secs using 97.9% CPU
Iteration 50 / LogL: -21152.640 / Time: 0h:0m:5s (0h:0m:6s left)
Optimizing NNI: done in 0.052253 secs using 93.88% CPU
Optimizing NNI: done in 0.105313 secs using 81.99% CPU
Optimizing NNI: done in 0.121708 secs using 87.34% CPU
Optimizing NNI: done in 0.0848699 secs using 83.91% CPU
Optimizing NNI: done in 0.0445991 secs using 96.93% CPU
Optimizing NNI: done in 0.082078 secs using 94.81% CPU
Optimizing NNI: done in 0.0607328 secs using 96.77% CPU
Optimizing NNI: done in 0.0487099 secs using 91.15% CPU
Optimizing NNI: done in 0.0487611 secs using 96.34% CPU
Optimizing NNI: done in 0.071197 secs using 96.71% CPU
Iteration 60 / LogL: -21157.824 / Time: 0h:0m:6s (0h:0m:4s left)
Optimizing NNI: done in 0.084779 secs using 97.18% CPU
Optimizing NNI: done in 0.043478 secs using 98.22% CPU
Optimizing NNI: done in 0.0362751 secs using 96.42% CPU
Optimizing NNI: done in 0.0824299 secs using 93.86% CPU
Optimizing NNI: done in 0.0614839 secs using 96.71% CPU
Optimizing NNI: done in 0.0318611 secs using 97.55% CPU
Optimizing NNI: done in 0.090414 secs using 92.11% CPU
Optimizing NNI: done in 0.0749171 secs using 94.54% CPU
Optimizing NNI: done in 0.050766 secs using 96.01% CPU
Optimizing NNI: done in 0.0527329 secs using 97.52% CPU
Iteration 70 / LogL: -21152.654 / Time: 0h:0m:7s (0h:0m:3s left)
Optimizing NNI: done in 0.0522869 secs using 95.72% CPU
Optimizing NNI: done in 0.0403221 secs using 98.04% CPU
Optimizing NNI: done in 0.063818 secs using 91.38% CPU
Optimizing NNI: done in 0.068933 secs using 96.76% CPU
Optimizing NNI: done in 0.0458539 secs using 97.28% CPU
Optimizing NNI: done in 0.0652142 secs using 96.79% CPU
Optimizing NNI: done in 0.098649 secs using 92.32% CPU
Optimizing NNI: done in 0.0459189 secs using 96.55% CPU
Optimizing NNI: done in 0.0817649 secs using 96.31% CPU
Optimizing NNI: done in 0.0467479 secs using 97.57% CPU
Iteration 80 / LogL: -21152.726 / Time: 0h:0m:7s (0h:0m:2s left)
Optimizing NNI: done in 0.08167 secs using 94.99% CPU
Optimizing NNI: done in 0.0461819 secs using 97.15% CPU
Optimizing NNI: done in 0.0403011 secs using 92.85% CPU
Optimizing NNI: done in 0.0977571 secs using 92.15% CPU
Optimizing NNI: done in 0.0674939 secs using 95.56% CPU
Optimizing NNI: done in 0.0413949 secs using 98% CPU
Optimizing NNI: done in 0.058912 secs using 96.49% CPU
Optimizing NNI: done in 0.0372062 secs using 98.89% CPU
Optimizing NNI: done in 0.058336 secs using 93.71% CPU
Optimizing NNI: done in 0.0774779 secs using 89.32% CPU
Iteration 90 / LogL: -21152.570 / Time: 0h:0m:8s (0h:0m:1s left)
Optimizing NNI: done in 0.0465748 secs using 95.36% CPU
Optimizing NNI: done in 0.097146 secs using 91.66% CPU
Optimizing NNI: done in 0.05566 secs using 96.18% CPU
Optimizing NNI: done in 0.0546651 secs using 95.34% CPU
Optimizing NNI: done in 0.0929911 secs using 94.09% CPU
Optimizing NNI: done in 0.066798 secs using 96.49% CPU
Optimizing NNI: done in 0.042279 secs using 88.34% CPU
Optimizing NNI: done in 0.140119 secs using 74.06% CPU
Optimizing NNI: done in 0.0807469 secs using 87.99% CPU
Optimizing NNI: done in 0.0438409 secs using 99.28% CPU
Iteration 100 / LogL: -21152.555 / Time: 0h:0m:9s (0h:0m:0s left)
Optimizing NNI: done in 0.0654759 secs using 95.34% CPU
Optimizing NNI: done in 0.0850511 secs using 94.77% CPU
TREE SEARCH COMPLETED AFTER 102 ITERATIONS / Time: 0h:0m:9s

--------------------------------------------------------------------
|                    FINALIZING TREE SEARCH                        |
--------------------------------------------------------------------
Performs final model parameters optimization
Estimate model parameters (epsilon = 0.010)
1. Initial log-likelihood: -21152.510
Optimal log-likelihood: -21152.506
Rate parameters:  A-C: 5.70993  A-G: 7.80511  A-T: 5.70993  C-G: 1.00000  C-T: 23.18139  G-T: 1.00000
Base frequencies:  A: 0.355  C: 0.228  G: 0.192  T: 0.225
Proportion of invariable sites: 0.154
Gamma shape alpha: 0.728
Parameters optimization took 1 rounds (0.013 sec)
BEST SCORE FOUND : -21152.506
Total tree length: 4.227

Total number of iterations: 102
CPU time used for tree search: 7.263 sec (0h:0m:7s)
Wall-clock time used for tree search: 7.818 sec (0h:0m:7s)
Total CPU time used: 8.808 sec (0h:0m:8s)
Total wall-clock time used: 9.456 sec (0h:0m:9s)

Analysis results written to: 
  IQ-TREE report:                example.phy.iqtree
  Maximum-likelihood tree:       example.phy.treefile
  Likelihood distances:          example.phy.mldist
  Screen log file:               example.phy.log

ALISIM COMMAND
--------------
--alisim simulated_MSA -t example.phy.treefile -m "TIM2{5.70993,7.80511,23.1814}+F{0.354671,0.228235,0.191925,0.225169}+I{0.154199}+G4{0.728078}" --length 1998

Date and Time: Thu Mar 31 19:21:33 2022
