IQ-TREE multicore version 2.2.0 COVID-edition for Mac OS X 64-bit built Mar 25 2022
Developed by Bui Quang Minh, James Barbetti, Nguyen Lam Tung,
Olga Chernomor, Heiko Schmidt, Dominik Schrempf, Michael Woodhams, Ly Trong Nhan.

Host:    MacBook-Pro.local (AVX2, FMA3, 16 GB RAM)
Command: bin/iqtree2 -s vanilla_rbcl-aligned.fasta
Seed:    339538 (Using SPRNG - Scalable Parallel Random Number Generator)
Time:    Thu Mar 31 19:25:06 2022
Kernel:  AVX+FMA - 1 threads (4 CPU cores detected)

HINT: Use -nt option to specify number of threads because your CPU has 4 cores!
HINT: -nt AUTO will automatically determine the best number of threads to use.

Reading alignment file vanilla_rbcl-aligned.fasta ... Phylip format detected
Alignment most likely contains DNA/RNA sequences
Constructing alignment: done in 0.00124598 secs using 61.16% CPU
Alignment has 27 sequences with 1322 columns, 95 distinct patterns
34 parsimony-informative, 25 singleton sites, 1263 constant sites
            Gap/Ambiguity  Composition  p-value
Analyzing sequences: done in 3.69549e-05 secs using 81.18% CPU
   1  MK201733.1   44.40%    passed     94.30%
   2  MK201730.1   44.48%    passed     94.21%
   3  MK201708.1   44.40%    passed     94.30%
   4  MK201740.1   44.40%    passed     97.93%
   5  MK201719.1   44.40%    passed     98.38%
   6  MK201739.1   44.40%    passed     94.99%
   7  MK201731.1   44.40%    passed     92.32%
   8  MK201744.1   44.40%    passed     96.69%
   9  MK201705.1   44.48%    passed     96.85%
  10  MK201696.1   44.48%    passed     97.69%
  11  MZ391821.1   48.03%    passed     99.67%
  12  MK201697.1   44.70%    passed     95.68%
  13  MK201695.1   44.48%    passed     97.10%
  14  MK201724.1   44.48%    passed     91.78%
  15  MK201723.1   44.48%    passed     91.47%
  16  EU498115.1    1.44%    passed     79.95%
  17  EU498116.1    1.44%    passed     90.30%
  18  AY381136.1    2.57%    passed     87.58%
  19  MW828180.1   15.66%    passed     92.75%
  20  MW828173.1   15.66%    passed     93.80%
  21  MW828184.1   15.66%    passed     94.50%
  22  MW828166.1   15.66%    passed     96.66%
  23  MW828172.1   15.66%    passed     94.39%
  24  MW828176.1   15.66%    passed     84.96%
  25  MW828177.1   15.66%    passed     84.96%
  26  KX239602.1   47.50%    passed     98.64%
  27  KX239603.1   47.50%    passed     95.53%
****  TOTAL        32.61%  0 sequences failed composition chi2 test (p-value<5%; df=3)
NOTE: MW828177.1 is identical to MW828176.1 but kept for subsequent analysis
Checking for duplicate sequences: done in 0.000385046 secs using 57.92% CPU


Create initial parsimony tree by phylogenetic likelihood library (PLL)... 0.003 seconds
Perform fast likelihood tree search using GTR+I+G model...
Estimate model parameters (epsilon = 5.000)
Perform nearest neighbor interchange...
Optimizing NNI: done in 0.00603318 secs using 94.41% CPU
Estimate model parameters (epsilon = 1.000)
1. Initial log-likelihood: -2288.465
Optimal log-likelihood: -2288.465
Rate parameters:  A-C: 2.02278  A-G: 2.57358  A-T: 0.11371  C-G: 0.58311  C-T: 3.62008  G-T: 1.00000
Base frequencies:  A: 0.267  C: 0.188  G: 0.256  T: 0.289
Proportion of invariable sites: 0.478
Gamma shape alpha: 2.191
Parameters optimization took 1 rounds (0.003 sec)
Time for fast ML tree search: 0.132 seconds

NOTE: ModelFinder requires 0 MB RAM!
ModelFinder will test up to 484 DNA models (sample size: 1322) ...
 No. Model         -LnL         df  AIC          AICc         BIC
  1  GTR+F         2289.908     59  4697.816     4703.426     5003.843
  2  GTR+F+I       2288.408     60  4696.816     4702.621     5008.030
  3  GTR+F+G4      2288.457     60  4696.914     4702.719     5008.128
  4  GTR+F+I+G4    2288.465     61  4698.929     4704.933     5015.330
  5  GTR+F+R2      2289.044     61  4700.089     4706.092     5016.490
  6  GTR+F+R3      2288.823     63  4703.647     4710.057     5030.422
 14  GTR+F+I+I+R2  2288.451     62  4700.903     4707.108     5022.491
 15  GTR+F+I+I+R3  2288.506     64  4705.012     4711.631     5036.973
 23  SYM           2307.409     56  4726.819     4731.865     5017.285
 24  SYM+I         2305.687     57  4725.373     4730.604     5021.027
 25  SYM+G4        2305.728     57  4725.456     4730.687     5021.109
 45  TVM+F         2290.444     58  4696.888     4702.307     4997.728
 46  TVM+F+I       2288.950     59  4695.899     4701.509     5001.926
 47  TVM+F+G4      2288.994     59  4695.987     4701.598     5002.015
 67  TVMe          2307.597     55  4725.194     4730.060     5010.474
 68  TVMe+I        2305.888     56  4723.776     4728.823     5014.242
 69  TVMe+G4       2305.926     56  4723.851     4728.898     5014.318
 89  TIM3+F        2295.258     57  4704.516     4709.747     5000.169
 90  TIM3+F+I      2293.762     58  4703.525     4708.944     5004.365
 91  TIM3+F+G4     2293.809     58  4703.617     4709.036     5004.457
111  TIM3e         2312.718     54  4733.436     4738.124     5013.528
112  TIM3e+I       2311.026     55  4732.051     4736.917     5017.331
113  TIM3e+G4      2311.065     55  4732.130     4736.996     5017.410
133  TIM2+F        2297.478     57  4708.956     4714.187     5004.610
134  TIM2+F+I      2295.828     58  4707.657     4713.075     5008.497
135  TIM2+F+G4     2295.870     58  4707.740     4713.159     5008.581
155  TIM2e         2313.955     54  4735.909     4740.597     5016.002
156  TIM2e+I       2312.082     55  4734.165     4739.031     5019.445
157  TIM2e+G4      2312.117     55  4734.234     4739.100     5019.513
177  TIM+F         2292.216     57  4698.431     4703.662     4994.085
178  TIM+F+I       2290.616     58  4697.232     4702.651     4998.072
179  TIM+F+G4      2290.663     58  4697.325     4702.744     4998.166
199  TIMe          2308.813     54  4725.626     4730.315     5005.719
200  TIMe+I        2306.960     55  4723.919     4728.785     5009.199
201  TIMe+G4       2306.997     55  4723.995     4728.860     5009.274
221  TPM3u+F       2295.812     56  4703.624     4708.671     4994.090
222  TPM3u+F+I     2294.322     57  4702.644     4707.875     4998.298
223  TPM3u+F+G4    2294.364     57  4702.728     4707.959     4998.381
243  TPM3          2312.920     53  4731.840     4736.354     5006.746
244  TPM3+I        2311.240     54  4730.480     4735.168     5010.573
245  TPM3+G4       2311.276     54  4730.553     4735.241     5010.645
265  TPM2u+F       2298.017     56  4708.033     4713.080     4998.500
266  TPM2u+F+I     2296.367     57  4706.734     4711.965     5002.388
267  TPM2u+F+G4    2296.404     57  4706.808     4712.039     5002.461
287  TPM2          2314.147     53  4734.295     4738.809     5009.201
288  TPM2+I        2312.296     54  4732.593     4737.281     5012.686
289  TPM2+G4       2312.328     54  4732.657     4737.345     5012.750
309  K3Pu+F        2292.743     56  4697.486     4702.533     4987.953
310  K3Pu+F+I      2291.140     57  4696.279     4701.510     4991.933
311  K3Pu+F+G4     2291.181     57  4696.362     4701.593     4992.015
331  K3P           2308.994     53  4723.989     4728.503     4998.894
332  K3P+I         2307.159     54  4722.318     4727.007     5002.411
333  K3P+G4        2307.194     54  4722.388     4727.076     5002.480
353  TN+F          2297.474     56  4706.948     4711.995     4997.415
354  TN+F+I        2295.831     57  4705.663     4710.894     5001.316
355  TN+F+G4       2295.874     57  4705.748     4710.979     5001.401
375  TNe           2313.955     53  4733.909     4738.423     5008.815
376  TNe+I         2312.093     54  4732.186     4736.875     5012.279
377  TNe+G4        2312.128     54  4732.256     4736.944     5012.349
397  HKY+F         2298.018     55  4706.036     4710.902     4991.315
398  HKY+F+I       2296.372     56  4704.745     4709.791     4995.211
399  HKY+F+G4      2296.410     56  4704.819     4709.866     4995.286
419  K2P           2314.149     52  4732.299     4736.642     5002.018
420  K2P+I         2312.308     53  4730.616     4735.130     5005.521
421  K2P+G4        2312.340     53  4730.680     4735.195     5005.586
441  F81+F         2309.960     54  4727.920     4732.608     5008.012
442  F81+F+I       2308.330     55  4726.660     4731.526     5011.939
443  F81+F+G4      2308.368     55  4726.737     4731.603     5012.016
463  JC            2325.687     51  4753.374     4757.551     5017.906
464  JC+I          2323.951     52  4751.901     4756.245     5021.620
465  JC+G4         2323.986     52  4751.971     4756.315     5021.690
Akaike Information Criterion:           TVM+F+I
Corrected Akaike Information Criterion: TVM+F+I
Bayesian Information Criterion:         K3Pu+F
Best-fit model: K3Pu+F chosen according to BIC

All model information printed to vanilla_rbcl-aligned.fasta.model.gz
CPU time for ModelFinder: 0.776 seconds (0h:0m:0s)
Wall-clock time for ModelFinder: 1.318 seconds (0h:0m:1s)

NOTE: 0 MB RAM (0 GB) is required!
Estimate model parameters (epsilon = 0.100)
1. Initial log-likelihood: -2292.743
Optimal log-likelihood: -2292.742
Rate parameters:  A-C: 1.00000  A-G: 2.11525  A-T: 0.20782  C-G: 0.20782  C-T: 2.11525  G-T: 1.00000
Base frequencies:  A: 0.267  C: 0.188  G: 0.256  T: 0.289
Parameters optimization took 1 rounds (0.003 sec)
Wrote distance file to... 
Computing ML distances based on estimated model parameters...
Calculating distance matrix: done in 0.00229406 secs using 86.27% CPU
Computing ML distances took 0.003075 sec (of wall-clock time) 0.002201 sec (of CPU time)
Setting up auxiliary I and S matrices: done in 0.000138998 secs using 76.98% CPU
Constructing RapidNJ tree: done in 0.000201941 secs using 151.5% CPU
Computing RapidNJ tree took 0.000575 sec (of wall-clock time) 0.000527 sec (of CPU time)
Log-likelihood of RapidNJ tree: -2292.768
--------------------------------------------------------------------
|             INITIALIZING CANDIDATE TREE SET                      |
--------------------------------------------------------------------
Generating 98 parsimony trees... 0.252 second
Computing log-likelihood of 98 initial trees ... 0.102 seconds
Current best score: -2292.742

Do NNI search on 20 best initial trees
Optimizing NNI: done in 0.00145006 secs using 94% CPU
Estimate model parameters (epsilon = 0.100)
BETTER TREE FOUND at iteration 1: -2292.742
Optimizing NNI: done in 0.00907302 secs using 73.89% CPU
BETTER TREE FOUND at iteration 2: -2292.741
Optimizing NNI: done in 0.00753403 secs using 93.11% CPU
Optimizing NNI: done in 0.00921106 secs using 90.59% CPU
Optimizing NNI: done in 0.016367 secs using 80.17% CPU
Optimizing NNI: done in 0.0167689 secs using 78.45% CPU
Optimizing NNI: done in 0.014616 secs using 68.62% CPU
Optimizing NNI: done in 0.0270071 secs using 57.28% CPU
Optimizing NNI: done in 0.00836611 secs using 77.06% CPU
Optimizing NNI: done in 0.0112131 secs using 52.49% CPU
Iteration 10 / LogL: -2292.742 / Time: 0h:0m:0s
Optimizing NNI: done in 0.0147719 secs using 72% CPU
Optimizing NNI: done in 0.03 secs using 49.49% CPU
Optimizing NNI: done in 0.0189531 secs using 45.56% CPU
Optimizing NNI: done in 0.00722194 secs using 93.15% CPU
Optimizing NNI: done in 0.041779 secs using 31.66% CPU
Optimizing NNI: done in 0.0315349 secs using 36.88% CPU
BETTER TREE FOUND at iteration 16: -2292.741
Optimizing NNI: done in 0.00915408 secs using 72.77% CPU
Optimizing NNI: done in 0.0145531 secs using 70.57% CPU
Optimizing NNI: done in 0.00860119 secs using 83.8% CPU
Optimizing NNI: done in 0.00708389 secs using 92.49% CPU
Iteration 20 / LogL: -2292.743 / Time: 0h:0m:0s
Finish initializing candidate tree set (14)
Current best tree score: -2292.741 / CPU time: 0.714
Number of iterations: 20
--------------------------------------------------------------------
|               OPTIMIZING CANDIDATE TREE SET                      |
--------------------------------------------------------------------
Optimizing NNI: done in 0.019778 secs using 70.15% CPU
Optimizing NNI: done in 0.0250058 secs using 76.9% CPU
Optimizing NNI: done in 0.0215399 secs using 84.97% CPU
Optimizing NNI: done in 0.0163801 secs using 90.85% CPU
Optimizing NNI: done in 0.00723505 secs using 94.1% CPU
Optimizing NNI: done in 0.00692987 secs using 93.31% CPU
Optimizing NNI: done in 0.00522685 secs using 94.4% CPU
Optimizing NNI: done in 0.0120142 secs using 91.83% CPU
Optimizing NNI: done in 0.012872 secs using 88.21% CPU
Optimizing NNI: done in 0.018002 secs using 69.02% CPU
Iteration 30 / LogL: -2292.747 / Time: 0h:0m:0s (0h:0m:2s left)
Optimizing NNI: done in 0.013195 secs using 83.43% CPU
Optimizing NNI: done in 0.0104101 secs using 82.38% CPU
Optimizing NNI: done in 0.00615001 secs using 95.33% CPU
Optimizing NNI: done in 0.013855 secs using 94.16% CPU
Optimizing NNI: done in 0.0171368 secs using 90.24% CPU
Optimizing NNI: done in 0.021795 secs using 65.12% CPU
Optimizing NNI: done in 0.0287659 secs using 77.29% CPU
Optimizing NNI: done in 0.0210981 secs using 80.65% CPU
Optimizing NNI: done in 0.0302091 secs using 68.78% CPU
Optimizing NNI: done in 0.0369849 secs using 65.81% CPU
Iteration 40 / LogL: -2298.356 / Time: 0h:0m:1s (0h:0m:2s left)
Optimizing NNI: done in 0.0163391 secs using 73.22% CPU
Optimizing NNI: done in 0.047791 secs using 46.76% CPU
Optimizing NNI: done in 0.0398171 secs using 46.36% CPU
Optimizing NNI: done in 0.0385821 secs using 58.24% CPU
Optimizing NNI: done in 0.0213289 secs using 64.49% CPU
Optimizing NNI: done in 0.010999 secs using 78.63% CPU
Optimizing NNI: done in 0.026238 secs using 73.87% CPU
Optimizing NNI: done in 0.0416739 secs using 56.48% CPU
Optimizing NNI: done in 0.0369802 secs using 53.06% CPU
Optimizing NNI: done in 0.0167069 secs using 67.38% CPU
Iteration 50 / LogL: -2292.744 / Time: 0h:0m:1s (0h:0m:2s left)
Optimizing NNI: done in 0.0361459 secs using 61.25% CPU
Optimizing NNI: done in 0.0203662 secs using 72.61% CPU
Optimizing NNI: done in 0.0248561 secs using 74.98% CPU
Optimizing NNI: done in 0.011169 secs using 79.75% CPU
Optimizing NNI: done in 0.017436 secs using 82.55% CPU
Optimizing NNI: done in 0.0260909 secs using 71.41% CPU
Optimizing NNI: done in 0.045517 secs using 28.6% CPU
Optimizing NNI: done in 0.021111 secs using 62.38% CPU
Optimizing NNI: done in 0.047962 secs using 25.98% CPU
Optimizing NNI: done in 0.0210972 secs using 68.04% CPU
Iteration 60 / LogL: -2292.746 / Time: 0h:0m:1s (0h:0m:1s left)
Optimizing NNI: done in 0.0155101 secs using 67.1% CPU
Optimizing NNI: done in 0.014828 secs using 74.91% CPU
Optimizing NNI: done in 0.013159 secs using 83.46% CPU
Optimizing NNI: done in 0.00496006 secs using 96.51% CPU
Optimizing NNI: done in 0.0104201 secs using 85.98% CPU
Optimizing NNI: done in 0.00951195 secs using 94.83% CPU
Optimizing NNI: done in 0.01353 secs using 55.79% CPU
Optimizing NNI: done in 0.0114951 secs using 65.17% CPU
Optimizing NNI: done in 0.00773096 secs using 93.31% CPU
Optimizing NNI: done in 0.0100992 secs using 94.57% CPU
Iteration 70 / LogL: -2292.743 / Time: 0h:0m:1s (0h:0m:1s left)
Optimizing NNI: done in 0.0129118 secs using 87.82% CPU
Optimizing NNI: done in 0.0111089 secs using 88.02% CPU
Optimizing NNI: done in 0.010695 secs using 92.56% CPU
Optimizing NNI: done in 0.012207 secs using 81.6% CPU
Optimizing NNI: done in 0.012928 secs using 88.81% CPU
Optimizing NNI: done in 0.0641661 secs using 38.08% CPU
Optimizing NNI: done in 0.102007 secs using 25.01% CPU
Optimizing NNI: done in 0.0103521 secs using 89.51% CPU
Optimizing NNI: done in 0.00464988 secs using 95.66% CPU
Optimizing NNI: done in 0.0147729 secs using 89.29% CPU
Iteration 80 / LogL: -2298.359 / Time: 0h:0m:2s (0h:0m:1s left)
Optimizing NNI: done in 0.0134921 secs using 81.86% CPU
Optimizing NNI: done in 0.00752497 secs using 83.95% CPU
Optimizing NNI: done in 0.0260279 secs using 67.77% CPU
Optimizing NNI: done in 0.0115631 secs using 78.63% CPU
Optimizing NNI: done in 0.020582 secs using 87.43% CPU
Optimizing NNI: done in 0.0150621 secs using 76.12% CPU
Optimizing NNI: done in 0.0157189 secs using 89.98% CPU
Optimizing NNI: done in 0.0227351 secs using 61.21% CPU
Optimizing NNI: done in 0.021795 secs using 71.81% CPU
Optimizing NNI: done in 0.0916898 secs using 20.45% CPU
Iteration 90 / LogL: -2292.746 / Time: 0h:0m:2s (0h:0m:0s left)
Optimizing NNI: done in 0.0362129 secs using 41.32% CPU
Optimizing NNI: done in 0.0307178 secs using 59.25% CPU
Optimizing NNI: done in 0.033344 secs using 49.01% CPU
Optimizing NNI: done in 0.0400388 secs using 48.44% CPU
Optimizing NNI: done in 0.013484 secs using 80.91% CPU
Optimizing NNI: done in 0.059617 secs using 36.46% CPU
Optimizing NNI: done in 0.045629 secs using 29.32% CPU
Optimizing NNI: done in 0.03843 secs using 28.39% CPU
Optimizing NNI: done in 0.0300031 secs using 67.59% CPU
Optimizing NNI: done in 0.0323699 secs using 45.43% CPU
Iteration 100 / LogL: -2292.741 / Time: 0h:0m:2s (0h:0m:0s left)
Optimizing NNI: done in 0.014333 secs using 82.69% CPU
Optimizing NNI: done in 0.0328081 secs using 72.16% CPU
Optimizing NNI: done in 0.0114121 secs using 85.48% CPU
Optimizing NNI: done in 0.029129 secs using 78.61% CPU
Optimizing NNI: done in 0.010989 secs using 89.98% CPU
Optimizing NNI: done in 0.037014 secs using 72.23% CPU
Optimizing NNI: done in 0.0299969 secs using 77.35% CPU
Optimizing NNI: done in 0.0318429 secs using 56.64% CPU
Optimizing NNI: done in 0.0366449 secs using 76.04% CPU
Optimizing NNI: done in 0.0157259 secs using 73.17% CPU
Iteration 110 / LogL: -2298.357 / Time: 0h:0m:3s (0h:0m:0s left)
Optimizing NNI: done in 0.0223379 secs using 81.54% CPU
Optimizing NNI: done in 0.016305 secs using 82.88% CPU
Optimizing NNI: done in 0.0258861 secs using 79.36% CPU
Optimizing NNI: done in 0.0238481 secs using 79.56% CPU
Optimizing NNI: done in 0.0287991 secs using 75.85% CPU
Optimizing NNI: done in 0.0396371 secs using 64.72% CPU
Optimizing NNI: done in 0.00936294 secs using 90.98% CPU
TREE SEARCH COMPLETED AFTER 117 ITERATIONS / Time: 0h:0m:3s

--------------------------------------------------------------------
|                    FINALIZING TREE SEARCH                        |
--------------------------------------------------------------------
Performs final model parameters optimization
Estimate model parameters (epsilon = 0.010)
1. Initial log-likelihood: -2292.741
Optimal log-likelihood: -2292.741
Rate parameters:  A-C: 1.00000  A-G: 2.13055  A-T: 0.20889  C-G: 0.20889  C-T: 2.13055  G-T: 1.00000
Base frequencies:  A: 0.267  C: 0.188  G: 0.256  T: 0.289
Parameters optimization took 1 rounds (0.014 sec)
BEST SCORE FOUND : -2292.741
Total tree length: 0.059

Total number of iterations: 117
CPU time used for tree search: 1.980 sec (0h:0m:1s)
Wall-clock time used for tree search: 3.365 sec (0h:0m:3s)
Total CPU time used: 2.005 sec (0h:0m:2s)
Total wall-clock time used: 3.450 sec (0h:0m:3s)

Analysis results written to: 
  IQ-TREE report:                vanilla_rbcl-aligned.fasta.iqtree
  Maximum-likelihood tree:       vanilla_rbcl-aligned.fasta.treefile
  Likelihood distances:          vanilla_rbcl-aligned.fasta.mldist
  Screen log file:               vanilla_rbcl-aligned.fasta.log

ALISIM COMMAND
--------------
--alisim simulated_MSA -t vanilla_rbcl-aligned.fasta.treefile -m "K3Pu{2.13055,0.208886}+F{0.266703,0.187762,0.256204,0.289332}" --length 1322

Date and Time: Thu Mar 31 19:25:11 2022
